<?xml version="1.0" encoding="UTF-8"?>
<!-- Generated by org.testng.reporters.JUnitXMLReporter -->
<testsuite hostname="PUNITP289549L" name="Test" tests="4" failures="2" timestamp="14 Aug 2020 08:58:02 GMT" time="30.051" errors="0">
  <testcase name="m1" time="3.844" classname="TestCases.HomeTestCase"/>
  <testcase name="signupAcc" time="1.632" classname="TestCases.AccoutTest"/>
  <testcase name="Reg" time="13.632" classname="TestCases.RegisterTestCases">
    <failure type="org.openqa.selenium.NoSuchElementException" message="Cannot locate option with value: amol
For documentation on this error, please visit: https://www.seleniumhq.org/exceptions/no_such_element.html
Build info: version: &amp;apos;3.141.59&amp;apos;, revision: &amp;apos;e82be7d358&amp;apos;, time: &amp;apos;2018-11-14T08:17:03&amp;apos;
System info: host: &amp;apos;PUNITP289549L&amp;apos;, ip: &amp;apos;192.168.0.102&amp;apos;, os.name: &amp;apos;Windows 10&amp;apos;, os.arch: &amp;apos;amd64&amp;apos;, os.version: &amp;apos;10.0&amp;apos;, java.version: &amp;apos;1.8.0_202&amp;apos;
Driver info: driver.version: unknown">
      <![CDATA[org.openqa.selenium.NoSuchElementException: Cannot locate option with value: amol
For documentation on this error, please visit: https://www.seleniumhq.org/exceptions/no_such_element.html
Build info: version: '3.141.59', revision: 'e82be7d358', time: '2018-11-14T08:17:03'
System info: host: 'PUNITP289549L', ip: '192.168.0.102', os.name: 'Windows 10', os.arch: 'amd64', os.version: '10.0', java.version: '1.8.0_202'
Driver info: driver.version: unknown
	at org.openqa.selenium.support.ui.Select.findOptionsByValue(Select.java:283)
	at org.openqa.selenium.support.ui.Select.selectByValue(Select.java:186)
	at PageObject.RegisterPO.register(RegisterPO.java:67)
	at TestCases.RegisterTestCases.Reg(RegisterTestCases.java:19)
... Removed 24 stack frames]]>
    </failure>
  </testcase> <!-- Reg -->
  <testcase name="Reg" time="9.921" classname="TestCases.RegisterTestCases">
    <failure type="org.openqa.selenium.NoSuchElementException" message="Cannot locate option with value: abc
For documentation on this error, please visit: https://www.seleniumhq.org/exceptions/no_such_element.html
Build info: version: &amp;apos;3.141.59&amp;apos;, revision: &amp;apos;e82be7d358&amp;apos;, time: &amp;apos;2018-11-14T08:17:03&amp;apos;
System info: host: &amp;apos;PUNITP289549L&amp;apos;, ip: &amp;apos;192.168.0.102&amp;apos;, os.name: &amp;apos;Windows 10&amp;apos;, os.arch: &amp;apos;amd64&amp;apos;, os.version: &amp;apos;10.0&amp;apos;, java.version: &amp;apos;1.8.0_202&amp;apos;
Driver info: driver.version: unknown">
      <![CDATA[org.openqa.selenium.NoSuchElementException: Cannot locate option with value: abc
For documentation on this error, please visit: https://www.seleniumhq.org/exceptions/no_such_element.html
Build info: version: '3.141.59', revision: 'e82be7d358', time: '2018-11-14T08:17:03'
System info: host: 'PUNITP289549L', ip: '192.168.0.102', os.name: 'Windows 10', os.arch: 'amd64', os.version: '10.0', java.version: '1.8.0_202'
Driver info: driver.version: unknown
	at org.openqa.selenium.support.ui.Select.findOptionsByValue(Select.java:283)
	at org.openqa.selenium.support.ui.Select.selectByValue(Select.java:186)
	at PageObject.RegisterPO.register(RegisterPO.java:67)
	at TestCases.RegisterTestCases.Reg(RegisterTestCases.java:19)
... Removed 24 stack frames]]>
    </failure>
  </testcase> <!-- Reg -->
</testsuite> <!-- Test -->
